<?xml version="1.0" encoding="UTF-8"?>
<!-- Generated by org.testng.reporters.JUnitXMLReporter -->
<testsuite ignored="1" hostname="CHETAN-99" failures="0" tests="1" name="Default test" time="4.754" errors="0" timestamp="12 Feb 2024 10:05:57 GMT">
  <testcase classname="chetan.tests.ErrorValidationsTest" name="submitOrder" time="0.555"/>
  <testcase classname="chetan.tests.ErrorValidationsTest" name="productError" time="0.0">
    <ignored/>
  </testcase> <!-- productError -->
</testsuite> <!-- Default test -->
