<?xml version="1.0" encoding="UTF-8"?>
<!-- Generated by org.testng.reporters.JUnitXMLReporter -->
<testsuite ignored="1" hostname="CHETAN-99" failures="0" tests="1" name="Error Validations Test" time="5.79" errors="0" timestamp="12 Feb 2024 10:14:07 GMT">
  <testcase classname="chetan.tests.ErrorValidationsTest" name="submitOrder" time="0.492"/>
  <testcase classname="chetan.tests.ErrorValidationsTest" name="productError" time="0.0">
    <ignored/>
  </testcase> <!-- productError -->
</testsuite> <!-- Error Validations Test -->
