<?xml version="1.0" encoding="UTF-8"?>
<!-- Generated by org.testng.reporters.JUnitXMLReporter -->
<testsuite ignored="2" hostname="CHETAN-99" failures="0" tests="0" time="0.004" errors="0" timestamp="12 Feb 2024 10:16:59 GMT">
  <testcase classname="chetan.tests.ErrorValidationsTest" name="submitOrder" time="0.0">
    <ignored/>
  </testcase> <!-- submitOrder -->
  <testcase classname="chetan.tests.ErrorValidationsTest" name="productError" time="0.0">
    <ignored/>
  </testcase> <!-- productError -->
</testsuite>
